        -:    0:Source:unittest4.c
        -:    0:Graph:unittest4.gcno
        -:    0:Data:unittest4.gcda
        -:    0:Runs:1
        -:    0:Programs:1
        -:    1:/************************************************************
        -:    2:*
        -:    3:* unittest4.c
        -:    4:*
        -:    5:* -----------------
        -:    6:* Josh Huff 
        -:    7:* huffj@oregonstate.edu
        -:    8:* CS362 -- Spring 2018
        -:    9:* Assignment 3 
        -:   10:* -----------------
        -:   11:*
        -:   12:* Unit Test for testSupplyCount() in dominion.c
        -:   13:*
        -:   14:*************************************************************/
        -:   15:#include <stdio.h>
        -:   16:#include <stdlib.h>
        -:   17:#include <string.h>
        -:   18:#include <assert.h>
        -:   19:#include <math.h>
        -:   20:#include "dominion.h"
        -:   21:#include "dominion_helpers.h"
        -:   22:#include "interface.h"
        -:   23:#include "rngs.h"
        -:   24:
function testSupplyCount called 1 returned 100% blocks executed 100%
        1:   25:void testSupplyCount() {
        -:   26:
        1:   27:  int k[10] = {adventurer, feast, baron, mine, great_hall, 
        -:   28:               remodel, smithy, village, ambassador, embargo};
        -:   29:            
        1:   30:  int players = 2;
        1:   31:  int seed = 1000;
        -:   32:  struct gameState state; 
        -:   33:
        1:   34:  memset(&state, 23, sizeof(struct gameState));
        1:   35:  initializeGame(players, k, seed, &state);
call    0 returned 100%
        -:   36:  
        1:   37:  printf("TESTING supplyCount():\n");
call    0 returned 100%
        -:   38:  	
        -:   39:// Test 1 -- testSupplyCount accurately finds the beginning number of cards in the pile.
        1:   40:  printf("Test: Game starts with 10 village cards.\n");
call    0 returned 100%
        1:   41:  asserttrue(supplyCount(village, &state), 10);
call    0 returned 100%
call    1 returned 100%
        -:   42:
        -:   43:// Test 2 -- testSupplyCount updates when a card is taken from that supply.
        1:   44:  printf("Test: A village has been taken. Count updates.\n");
call    0 returned 100%
        1:   45:  state.supplyCount[village] -= 1;
        1:   46:  asserttrue(supplyCount(village, &state), 9);
call    0 returned 100%
call    1 returned 100%
        -:   47:
        1:   48:}
        -:   49:
function main called 1 returned 100% blocks executed 100%
        1:   50:int main(int argc, char *argv[]){
        -:   51:
        1:   52:  testSupplyCount();
call    0 returned 100%
        1:   53:  return 0;
        -:   54:}
